Bringing machine 'default' up with 'virtualbox' provider...
==> default: Importing base box 'kikitux/oracle6'...
[KProgress: 10%[KProgress: 20%[KProgress: 30%[KProgress: 40%[KProgress: 50%[KProgress: 60%[KProgress: 70%[KProgress: 80%[KProgress: 90%[K==> default: Matching MAC address for NAT networking...
==> default: Checking if box 'kikitux/oracle6' is up to date...
==> default: Setting the name of the VM: oracle_build_default_1422850758203_22737
==> default: Clearing any previously set network interfaces...
==> default: Preparing network interfaces based on configuration...
    default: Adapter 1: nat
==> default: Forwarding ports...
    default: 22 => 2222 (adapter 1)
==> default: Booting VM...
==> default: Waiting for machine to boot. This may take a few minutes...
    default: SSH address: 127.0.0.1:2222
    default: SSH username: vagrant
    default: SSH auth method: private key
    default: Warning: Connection timeout. Retrying...
    default: 
    default: Vagrant insecure key detected. Vagrant will automatically replace
    default: this with a newly generated keypair for better security.
    default: 
    default: Inserting generated public key within guest...
    default: Removing insecure key from the guest if its present...
    default: Key inserted! Disconnecting and reconnecting using new SSH key...
==> default: Machine booted and ready!
==> default: Checking for guest additions in VM...
==> default: Mounting shared folders...
    default: /vagrant => C:/Users/anthonysh.DATACOM/vagrant/oracle_build
    default: /tmp/vagrant-puppet/manifests-a11d1078b1b1f2e3bdea27312f6ba513 => C:/Users/anthonysh.DATACOM/vagrant/oracle_build/manifests
==> default: Running provisioner: puppet...
==> default: Running Puppet with proxy.pp...
==> default: dnsdomainname: Unknown host
==> default: dnsdomainname: Unknown host
==> default: notice: /Stage[main]//File[proxy.env]/ensure: defined content as '{md5}4a4026e7a6d2b0a4bb6ed0070639a958'
==> default: notice: /Stage[main]//Exec[set_env]/returns: executed successfully
==> default: notice: /Stage[main]//Exec[cleanup]/returns: executed successfully
==> default: notice: Finished catalog run in 0.30 seconds
==> default: Running provisioner: puppet...
==> default: Running Puppet with site.pp...
==> default: dnsdomainname: Unknown host
==> default: dnsdomainname: Unknown host
==> default: notice: /Stage[main]//Package[oracle-rdbms-server-11gR2-preinstall]/ensure: created
==> default: notice: /Stage[main]//Exec[/bin/bash /vagrant/grid_user.sh]/returns: executed successfully
==> default: notice: Finished catalog run in 127.88 seconds
